<?xml version="1.0" encoding="UTF-8"?>
<testng-results ignored="0" total="1" passed="1" failed="0" skipped="0">
  <reporter-output>
  </reporter-output>
  <suite started-at="2021-08-08T19:05:11 IST" name="Default suite" finished-at="2021-08-08T19:05:51 IST" duration-ms="40119">
    <groups>
    </groups>
    <test started-at="2021-08-08T19:05:11 IST" name="Default test" finished-at="2021-08-08T19:05:51 IST" duration-ms="40119">
      <class name="search.validateResult">
        <test-method is-config="true" signature="initialize()[pri:0, instance:search.validateResult@3a94964]" started-at="2021-08-08T19:05:11 IST" name="initialize" finished-at="2021-08-08T19:05:47 IST" duration-ms="36604" status="PASS">
          <reporter-output>
          </reporter-output>
        </test-method> <!-- initialize -->
        <test-method signature="validateFirstResult()[pri:0, instance:search.validateResult@3a94964]" started-at="2021-08-08T19:05:47 IST" name="validateFirstResult" finished-at="2021-08-08T19:05:50 IST" duration-ms="3350" status="PASS">
          <reporter-output>
          </reporter-output>
        </test-method> <!-- validateFirstResult -->
        <test-method is-config="true" signature="teardown()[pri:0, instance:search.validateResult@3a94964]" started-at="2021-08-08T19:05:50 IST" name="teardown" finished-at="2021-08-08T19:05:51 IST" duration-ms="137" status="PASS">
          <reporter-output>
          </reporter-output>
        </test-method> <!-- teardown -->
      </class> <!-- search.validateResult -->
    </test> <!-- Default test -->
  </suite> <!-- Default suite -->
</testng-results>
